facebook-android-sdk-4.0.1/samples/Scrumptious/build/outputs/apk/manifest-merger-debug-report.txt
-- Merging decision tree log ---
manifest
ADDED from AndroidManifest.xml:21:1
	xmlns:android
		ADDED from AndroidManifest.xml:21:11
	package
		ADDED from AndroidManifest.xml:22:5
	android:versionName
		ADDED from AndroidManifest.xml:24:5
	android:versionCode
		ADDED from AndroidManifest.xml:23:5
		INJECTED from AndroidManifest.xml:0:0
		INJECTED from AndroidManifest.xml:0:0
uses-sdk
ADDED from AndroidManifest.xml:26:5
MERGED from com.facebook.android:facebook:4.0.1:24:5
MERGED from com.android.support:support-v4:22.0.0:20:5
MERGED from com.android.support:support-v13:22.0.0:20:5
MERGED from com.android.support:support-v4:22.0.0:20:5
	android:targetSdkVersion
		INJECTED from AndroidManifest.xml:0:0
		INJECTED from AndroidManifest.xml:0:0
	android:minSdkVersion
		ADDED from AndroidManifest.xml:26:15
		INJECTED from AndroidManifest.xml:0:0
		INJECTED from AndroidManifest.xml:0:0
uses-permission#android.permission.INTERNET
ADDED from AndroidManifest.xml:28:5
	android:name
		ADDED from AndroidManifest.xml:28:22
uses-permission#android.permission.ACCESS_FINE_LOCATION
ADDED from AndroidManifest.xml:29:5
	android:name
		ADDED from AndroidManifest.xml:29:22
uses-permission#android.permission.CAMERA
ADDED from AndroidManifest.xml:30:5
	android:name
		ADDED from AndroidManifest.xml:30:22
uses-permission#android.permission.WRITE_EXTERNAL_STORAGE
ADDED from AndroidManifest.xml:31:5
	android:name
		ADDED from AndroidManifest.xml:31:22
uses-feature#android.hardware.camera
ADDED from AndroidManifest.xml:33:5
	android:name
		ADDED from AndroidManifest.xml:33:19
uses-feature#android.hardware.camera.autofocus
ADDED from AndroidManifest.xml:34:5
	android:name
		ADDED from AndroidManifest.xml:34:19
uses-permission#android.permission.READ_PHONE_STATE
ADDED from AndroidManifest.xml:36:5
	android:name
		ADDED from AndroidManifest.xml:36:22
uses-permission#android.permission.READ_EXTERNAL_STORAGE
ADDED from AndroidManifest.xml:37:5
	android:maxSdkVersion
		ADDED from AndroidManifest.xml:39:9
	android:name
		ADDED from AndroidManifest.xml:38:9
application
ADDED from AndroidManifest.xml:41:5
MERGED from com.facebook.android:facebook:4.0.1:28:5
MERGED from com.android.support:support-v4:22.0.0:22:5
MERGED from com.android.support:support-v13:22.0.0:22:5
MERGED from com.android.support:support-v4:22.0.0:22:5
	android:label
		ADDED from AndroidManifest.xml:44:9
	android:icon
		ADDED from AndroidManifest.xml:43:9
	android:name
		ADDED from AndroidManifest.xml:42:9
activity#com.facebook.scrumptious.MainActivity
ADDED from AndroidManifest.xml:45:9
	android:windowSoftInputMode
		ADDED from AndroidManifest.xml:49:13
	android:label
		ADDED from AndroidManifest.xml:47:13
	android:theme
		ADDED from AndroidManifest.xml:48:13
	android:name
		ADDED from AndroidManifest.xml:46:13
intent-filter#android.intent.action.MAIN+android.intent.category.LAUNCHER
ADDED from AndroidManifest.xml:50:13
action#android.intent.action.MAIN
ADDED from AndroidManifest.xml:51:17
	android:name
		ADDED from AndroidManifest.xml:51:25
category#android.intent.category.LAUNCHER
ADDED from AndroidManifest.xml:53:17
	android:name
		ADDED from AndroidManifest.xml:53:27
activity#com.facebook.scrumptious.PickerActivity
ADDED from AndroidManifest.xml:56:9
	android:label
		ADDED from AndroidManifest.xml:58:13
	android:name
		ADDED from AndroidManifest.xml:57:13
activity#com.facebook.FacebookActivity
ADDED from AndroidManifest.xml:59:9
	android:label
		ADDED from AndroidManifest.xml:62:13
	android:configChanges
		ADDED from AndroidManifest.xml:61:13
	android:theme
		ADDED from AndroidManifest.xml:63:13
	android:name
		ADDED from AndroidManifest.xml:60:13
meta-data#com.facebook.sdk.ApplicationId
ADDED from AndroidManifest.xml:65:9
	android:name
		ADDED from AndroidManifest.xml:66:13
	android:value
		ADDED from AndroidManifest.xml:67:13
meta-data#com.facebook.sdk.ApplicationName
ADDED from AndroidManifest.xml:68:9
	android:name
		ADDED from AndroidManifest.xml:69:13
	android:value
		ADDED from AndroidManifest.xml:70:13
provider#com.facebook.FacebookContentProvider
ADDED from AndroidManifest.xml:72:9
	android:exported
		ADDED from AndroidManifest.xml:75:13
	android:authorities
		ADDED from AndroidManifest.xml:74:13
	android:name
		ADDED from AndroidManifest.xml:73:13
activity#com.facebook.scrumptious.Events
ADDED from AndroidManifest.xml:77:9
	android:label
		ADDED from AndroidManifest.xml:79:13
	android:parentActivityName
		ADDED from AndroidManifest.xml:80:13
	android:name
		ADDED from AndroidManifest.xml:78:13
meta-data#android.support.PARENT_ACTIVITY
ADDED from AndroidManifest.xml:81:13
	android:name
		ADDED from AndroidManifest.xml:82:17
	android:value
		ADDED from AndroidManifest.xml:83:17